<?xml version="1.0" encoding="UTF-8"?>
<testng-results ignored="0" total="1" passed="1" failed="0" skipped="0">
  <reporter-output>
  </reporter-output>
  <suite started-at="2023-05-12T06:15:41 PDT" name="Default suite" finished-at="2023-05-12T06:15:44 PDT" duration-ms="3400">
    <groups>
    </groups>
    <test started-at="2023-05-12T06:15:41 PDT" name="Default test" finished-at="2023-05-12T06:15:44 PDT" duration-ms="3400">
      <class name="Git.Adduser">
        <test-method signature="Post()[pri:0, instance:Git.Adduser@3c7f66c4]" started-at="2023-05-12T06:15:41 PDT" name="Post" finished-at="2023-05-12T06:15:44 PDT" duration-ms="3323" status="PASS">
          <reporter-output>
          </reporter-output>
        </test-method> <!-- Post -->
      </class> <!-- Git.Adduser -->
    </test> <!-- Default test -->
  </suite> <!-- Default suite -->
</testng-results>
